2024-09-07 14:21:52,592 - INFO - Iniciando iteración 1 del experimento.
2024-09-07 14:21:52,614 - INFO - Estado de los servicios: {'servicios': [['http://localhost:5001/health', True], ['http://localhost:5002/health', True], ['http://localhost:5003/health', True], ['http://localhost:5004/health', True]], 'status': 'healthy'}
2024-09-07 14:21:52,619 - INFO - Incidente registrado correctamente en http://localhost:5001/registrar_incidente
2024-09-07 14:21:52,623 - INFO - Incidente registrado correctamente en http://localhost:5002/registrar_incidente
2024-09-07 14:21:52,628 - INFO - Incidente registrado correctamente en http://localhost:5003/registrar_incidente
2024-09-07 14:21:52,632 - INFO - Resultado de la validación de incidentes: {'message': 'Incidente validado por mayoría', 'resultado': 'Incidente Incidente 1', 'status': 'success'}
2024-09-07 14:21:52,632 - INFO - Experimento exitoso en la iteración 1.
2024-09-07 14:22:02,634 - INFO - Iniciando iteración 2 del experimento.
2024-09-07 14:22:02,648 - INFO - Estado de los servicios: {'servicios': [['http://localhost:5001/health', True], ['http://localhost:5002/health', True], ['http://localhost:5003/health', True], ['http://localhost:5004/health', True]], 'status': 'healthy'}
2024-09-07 14:22:02,648 - INFO - Simulando datos fallidos en http://localhost:5001/registrar_incidente
2024-09-07 14:22:02,653 - WARNING - Error al registrar incidente en http://localhost:5001/registrar_incidente: {"error":"No se pudo registrar el incidente"}

2024-09-07 14:22:02,653 - INFO - Reintentando registro en http://localhost:5001/registrar_incidente (Intento 2)...
2024-09-07 14:22:04,658 - INFO - Simulando datos fallidos en http://localhost:5001/registrar_incidente
2024-09-07 14:22:04,667 - WARNING - Error al registrar incidente en http://localhost:5001/registrar_incidente: {"error":"No se pudo registrar el incidente"}

2024-09-07 14:22:04,667 - INFO - Reintentando registro en http://localhost:5001/registrar_incidente (Intento 3)...
2024-09-07 14:22:06,672 - INFO - Simulando datos fallidos en http://localhost:5001/registrar_incidente
2024-09-07 14:22:06,680 - WARNING - Error al registrar incidente en http://localhost:5001/registrar_incidente: {"error":"No se pudo registrar el incidente"}

2024-09-07 14:22:06,680 - INFO - Simulando datos fallidos en http://localhost:5002/registrar_incidente
2024-09-07 14:22:06,684 - WARNING - Error al registrar incidente en http://localhost:5002/registrar_incidente: {"error":"No se pudo registrar el incidente"}

2024-09-07 14:22:06,684 - INFO - Reintentando registro en http://localhost:5002/registrar_incidente (Intento 2)...
2024-09-07 14:22:08,689 - INFO - Simulando datos fallidos en http://localhost:5002/registrar_incidente
2024-09-07 14:22:08,696 - WARNING - Error al registrar incidente en http://localhost:5002/registrar_incidente: {"error":"No se pudo registrar el incidente"}

2024-09-07 14:22:08,696 - INFO - Reintentando registro en http://localhost:5002/registrar_incidente (Intento 3)...
2024-09-07 14:22:10,700 - INFO - Simulando datos fallidos en http://localhost:5002/registrar_incidente
2024-09-07 14:22:10,705 - WARNING - Error al registrar incidente en http://localhost:5002/registrar_incidente: {"error":"No se pudo registrar el incidente"}

2024-09-07 14:22:10,705 - INFO - Simulando datos fallidos en http://localhost:5003/registrar_incidente
2024-09-07 14:22:10,710 - WARNING - Error al registrar incidente en http://localhost:5003/registrar_incidente: {"error":"No se pudo registrar el incidente"}

2024-09-07 14:22:10,710 - INFO - Reintentando registro en http://localhost:5003/registrar_incidente (Intento 2)...
2024-09-07 14:22:12,712 - INFO - Simulando datos fallidos en http://localhost:5003/registrar_incidente
2024-09-07 14:22:12,717 - WARNING - Error al registrar incidente en http://localhost:5003/registrar_incidente: {"error":"No se pudo registrar el incidente"}

2024-09-07 14:22:12,717 - INFO - Reintentando registro en http://localhost:5003/registrar_incidente (Intento 3)...
2024-09-07 14:22:14,717 - INFO - Simulando datos fallidos en http://localhost:5003/registrar_incidente
2024-09-07 14:22:14,724 - WARNING - Error al registrar incidente en http://localhost:5003/registrar_incidente: {"error":"No se pudo registrar el incidente"}

2024-09-07 14:22:14,728 - INFO - Resultado de la validación de incidentes: {'detalles': [{'incidente': 'Incidente ', 'status': 'error'}, {'incidente': 'Incidente ', 'status': 'error'}, {'incidente': 'Incidente ', 'status': 'error'}], 'message': 'Todas las respuestas tienen errores', 'status': 'error'}
2024-09-07 14:22:14,728 - ERROR - Fallos detectados en la iteración 2.
2024-09-07 14:22:24,734 - INFO - Iniciando iteración 3 del experimento.
2024-09-07 14:22:24,748 - INFO - Estado de los servicios: {'servicios': [['http://localhost:5001/health', True], ['http://localhost:5002/health', True], ['http://localhost:5003/health', True], ['http://localhost:5004/health', True]], 'status': 'healthy'}
2024-09-07 14:22:24,752 - INFO - Incidente registrado correctamente en http://localhost:5001/registrar_incidente
2024-09-07 14:22:24,757 - INFO - Incidente registrado correctamente en http://localhost:5002/registrar_incidente
2024-09-07 14:22:24,761 - INFO - Incidente registrado correctamente en http://localhost:5003/registrar_incidente
2024-09-07 14:22:24,764 - INFO - Resultado de la validación de incidentes: {'message': 'Incidente validado por mayoría', 'resultado': 'Incidente Incidente 3', 'status': 'success'}
2024-09-07 14:22:24,765 - INFO - Experimento exitoso en la iteración 3.
2024-09-07 14:22:34,770 - INFO - Iniciando iteración 4 del experimento.
2024-09-07 14:22:34,783 - INFO - Estado de los servicios: {'servicios': [['http://localhost:5001/health', True], ['http://localhost:5002/health', True], ['http://localhost:5003/health', True], ['http://localhost:5004/health', True]], 'status': 'healthy'}
2024-09-07 14:22:34,788 - INFO - Incidente registrado correctamente en http://localhost:5001/registrar_incidente
2024-09-07 14:22:34,793 - INFO - Incidente registrado correctamente en http://localhost:5002/registrar_incidente
2024-09-07 14:22:34,797 - INFO - Incidente registrado correctamente en http://localhost:5003/registrar_incidente
2024-09-07 14:22:34,801 - INFO - Resultado de la validación de incidentes: {'message': 'Incidente validado por mayoría', 'resultado': 'Incidente Incidente 4', 'status': 'success'}
2024-09-07 14:22:34,801 - INFO - Experimento exitoso en la iteración 4.
2024-09-07 14:22:44,806 - INFO - Iniciando iteración 5 del experimento.
2024-09-07 14:22:44,820 - INFO - Estado de los servicios: {'servicios': [['http://localhost:5001/health', True], ['http://localhost:5002/health', True], ['http://localhost:5003/health', True], ['http://localhost:5004/health', True]], 'status': 'healthy'}
2024-09-07 14:22:44,824 - INFO - Incidente registrado correctamente en http://localhost:5001/registrar_incidente
2024-09-07 14:22:44,828 - INFO - Incidente registrado correctamente en http://localhost:5002/registrar_incidente
2024-09-07 14:22:44,832 - INFO - Incidente registrado correctamente en http://localhost:5003/registrar_incidente
2024-09-07 14:22:44,838 - INFO - Resultado de la validación de incidentes: {'message': 'Incidente validado por mayoría', 'resultado': 'Incidente Incidente 5', 'status': 'success'}
2024-09-07 14:22:44,838 - INFO - Experimento exitoso en la iteración 5.
2024-09-07 14:22:54,843 - INFO - Iniciando iteración 6 del experimento.
2024-09-07 14:22:54,857 - INFO - Estado de los servicios: {'servicios': [['http://localhost:5001/health', True], ['http://localhost:5002/health', True], ['http://localhost:5003/health', True], ['http://localhost:5004/health', True]], 'status': 'healthy'}
2024-09-07 14:22:54,862 - INFO - Incidente registrado correctamente en http://localhost:5001/registrar_incidente
2024-09-07 14:22:54,866 - INFO - Incidente registrado correctamente en http://localhost:5002/registrar_incidente
2024-09-07 14:22:54,870 - INFO - Incidente registrado correctamente en http://localhost:5003/registrar_incidente
2024-09-07 14:22:54,874 - INFO - Resultado de la validación de incidentes: {'message': 'Incidente validado por mayoría', 'resultado': 'Incidente Incidente 6', 'status': 'success'}
2024-09-07 14:22:54,874 - INFO - Experimento exitoso en la iteración 6.
2024-09-07 14:23:04,880 - INFO - Iniciando iteración 7 del experimento.
2024-09-07 14:23:04,892 - INFO - Estado de los servicios: {'servicios': [['http://localhost:5001/health', True], ['http://localhost:5002/health', True], ['http://localhost:5003/health', True], ['http://localhost:5004/health', True]], 'status': 'healthy'}
2024-09-07 14:23:04,897 - INFO - Incidente registrado correctamente en http://localhost:5001/registrar_incidente
2024-09-07 14:23:04,901 - INFO - Incidente registrado correctamente en http://localhost:5002/registrar_incidente
2024-09-07 14:23:04,905 - INFO - Incidente registrado correctamente en http://localhost:5003/registrar_incidente
2024-09-07 14:23:04,909 - INFO - Resultado de la validación de incidentes: {'message': 'Incidente validado por mayoría', 'resultado': 'Incidente Incidente 7', 'status': 'success'}
2024-09-07 14:23:04,909 - INFO - Experimento exitoso en la iteración 7.
2024-09-07 14:23:14,914 - INFO - Iniciando iteración 8 del experimento.
2024-09-07 14:23:14,928 - INFO - Estado de los servicios: {'servicios': [['http://localhost:5001/health', True], ['http://localhost:5002/health', True], ['http://localhost:5003/health', True], ['http://localhost:5004/health', True]], 'status': 'healthy'}
2024-09-07 14:23:14,932 - INFO - Incidente registrado correctamente en http://localhost:5001/registrar_incidente
2024-09-07 14:23:14,936 - INFO - Incidente registrado correctamente en http://localhost:5002/registrar_incidente
2024-09-07 14:23:14,940 - INFO - Incidente registrado correctamente en http://localhost:5003/registrar_incidente
2024-09-07 14:23:14,944 - INFO - Resultado de la validación de incidentes: {'message': 'Incidente validado por mayoría', 'resultado': 'Incidente Incidente 8', 'status': 'success'}
2024-09-07 14:23:14,944 - INFO - Experimento exitoso en la iteración 8.
2024-09-07 14:23:24,949 - INFO - Iniciando iteración 9 del experimento.
2024-09-07 14:23:24,966 - INFO - Estado de los servicios: {'servicios': [['http://localhost:5001/health', True], ['http://localhost:5002/health', True], ['http://localhost:5003/health', True], ['http://localhost:5004/health', True]], 'status': 'healthy'}
2024-09-07 14:23:24,971 - INFO - Incidente registrado correctamente en http://localhost:5001/registrar_incidente
2024-09-07 14:23:24,975 - INFO - Incidente registrado correctamente en http://localhost:5002/registrar_incidente
2024-09-07 14:23:24,980 - INFO - Incidente registrado correctamente en http://localhost:5003/registrar_incidente
2024-09-07 14:23:24,984 - INFO - Resultado de la validación de incidentes: {'message': 'Incidente validado por mayoría', 'resultado': 'Incidente Incidente 9', 'status': 'success'}
2024-09-07 14:23:24,984 - INFO - Experimento exitoso en la iteración 9.
2024-09-07 14:23:34,989 - INFO - Iniciando iteración 10 del experimento.
2024-09-07 14:23:35,003 - INFO - Estado de los servicios: {'servicios': [['http://localhost:5001/health', True], ['http://localhost:5002/health', True], ['http://localhost:5003/health', True], ['http://localhost:5004/health', True]], 'status': 'healthy'}
2024-09-07 14:23:35,008 - INFO - Incidente registrado correctamente en http://localhost:5001/registrar_incidente
2024-09-07 14:23:35,012 - INFO - Incidente registrado correctamente en http://localhost:5002/registrar_incidente
2024-09-07 14:23:35,016 - INFO - Incidente registrado correctamente en http://localhost:5003/registrar_incidente
2024-09-07 14:23:35,021 - INFO - Resultado de la validación de incidentes: {'message': 'Incidente validado por mayoría', 'resultado': 'Incidente Incidente 10', 'status': 'success'}
2024-09-07 14:23:35,021 - INFO - Experimento exitoso en la iteración 10.
2024-09-07 14:23:45,026 - INFO - Iniciando iteración 11 del experimento.
2024-09-07 14:23:45,039 - INFO - Estado de los servicios: {'servicios': [['http://localhost:5001/health', True], ['http://localhost:5002/health', True], ['http://localhost:5003/health', True], ['http://localhost:5004/health', True]], 'status': 'healthy'}
2024-09-07 14:23:45,039 - INFO - Simulando datos fallidos en http://localhost:5001/registrar_incidente
2024-09-07 14:23:45,043 - WARNING - Error al registrar incidente en http://localhost:5001/registrar_incidente: {"error":"No se pudo registrar el incidente"}

2024-09-07 14:23:45,043 - INFO - Reintentando registro en http://localhost:5001/registrar_incidente (Intento 2)...
2024-09-07 14:23:47,048 - INFO - Simulando datos fallidos en http://localhost:5001/registrar_incidente
2024-09-07 14:23:47,056 - WARNING - Error al registrar incidente en http://localhost:5001/registrar_incidente: {"error":"No se pudo registrar el incidente"}

2024-09-07 14:23:47,056 - INFO - Reintentando registro en http://localhost:5001/registrar_incidente (Intento 3)...
2024-09-07 14:23:49,061 - INFO - Simulando datos fallidos en http://localhost:5001/registrar_incidente
2024-09-07 14:23:49,068 - WARNING - Error al registrar incidente en http://localhost:5001/registrar_incidente: {"error":"No se pudo registrar el incidente"}

2024-09-07 14:23:49,068 - INFO - Simulando datos fallidos en http://localhost:5002/registrar_incidente
2024-09-07 14:23:49,072 - WARNING - Error al registrar incidente en http://localhost:5002/registrar_incidente: {"error":"No se pudo registrar el incidente"}

2024-09-07 14:23:49,072 - INFO - Reintentando registro en http://localhost:5002/registrar_incidente (Intento 2)...
2024-09-07 14:23:51,077 - INFO - Simulando datos fallidos en http://localhost:5002/registrar_incidente
2024-09-07 14:23:51,086 - WARNING - Error al registrar incidente en http://localhost:5002/registrar_incidente: {"error":"No se pudo registrar el incidente"}

2024-09-07 14:23:51,086 - INFO - Reintentando registro en http://localhost:5002/registrar_incidente (Intento 3)...
2024-09-07 14:23:53,091 - INFO - Simulando datos fallidos en http://localhost:5002/registrar_incidente
2024-09-07 14:23:53,099 - WARNING - Error al registrar incidente en http://localhost:5002/registrar_incidente: {"error":"No se pudo registrar el incidente"}

2024-09-07 14:23:53,099 - INFO - Simulando datos fallidos en http://localhost:5003/registrar_incidente
2024-09-07 14:23:53,103 - WARNING - Error al registrar incidente en http://localhost:5003/registrar_incidente: {"error":"No se pudo registrar el incidente"}

2024-09-07 14:23:53,103 - INFO - Reintentando registro en http://localhost:5003/registrar_incidente (Intento 2)...
2024-09-07 14:23:55,108 - INFO - Simulando datos fallidos en http://localhost:5003/registrar_incidente
2024-09-07 14:23:55,116 - WARNING - Error al registrar incidente en http://localhost:5003/registrar_incidente: {"error":"No se pudo registrar el incidente"}

2024-09-07 14:23:55,116 - INFO - Reintentando registro en http://localhost:5003/registrar_incidente (Intento 3)...
2024-09-07 14:23:57,121 - INFO - Simulando datos fallidos en http://localhost:5003/registrar_incidente
2024-09-07 14:23:57,128 - WARNING - Error al registrar incidente en http://localhost:5003/registrar_incidente: {"error":"No se pudo registrar el incidente"}

2024-09-07 14:23:57,132 - INFO - Resultado de la validación de incidentes: {'detalles': [{'incidente': 'Incidente ', 'status': 'error'}, {'incidente': 'Incidente ', 'status': 'error'}, {'incidente': 'Incidente ', 'status': 'error'}], 'message': 'Todas las respuestas tienen errores', 'status': 'error'}
2024-09-07 14:23:57,132 - ERROR - Fallos detectados en la iteración 11.
2024-09-07 14:24:07,137 - INFO - Iniciando iteración 12 del experimento.
2024-09-07 14:24:07,151 - INFO - Estado de los servicios: {'servicios': [['http://localhost:5001/health', True], ['http://localhost:5002/health', True], ['http://localhost:5003/health', True], ['http://localhost:5004/health', True]], 'status': 'healthy'}
2024-09-07 14:24:07,156 - INFO - Incidente registrado correctamente en http://localhost:5001/registrar_incidente
2024-09-07 14:24:07,161 - INFO - Incidente registrado correctamente en http://localhost:5002/registrar_incidente
2024-09-07 14:24:07,165 - INFO - Incidente registrado correctamente en http://localhost:5003/registrar_incidente
2024-09-07 14:24:07,169 - INFO - Resultado de la validación de incidentes: {'message': 'Incidente validado por mayoría', 'resultado': 'Incidente Incidente 12', 'status': 'success'}
2024-09-07 14:24:07,169 - INFO - Experimento exitoso en la iteración 12.
2024-09-07 14:24:17,174 - INFO - Iniciando iteración 13 del experimento.
2024-09-07 14:24:17,186 - INFO - Estado de los servicios: {'servicios': [['http://localhost:5001/health', True], ['http://localhost:5002/health', True], ['http://localhost:5003/health', True], ['http://localhost:5004/health', True]], 'status': 'healthy'}
2024-09-07 14:24:17,191 - INFO - Incidente registrado correctamente en http://localhost:5001/registrar_incidente
2024-09-07 14:24:17,195 - INFO - Incidente registrado correctamente en http://localhost:5002/registrar_incidente
2024-09-07 14:24:17,199 - INFO - Incidente registrado correctamente en http://localhost:5003/registrar_incidente
2024-09-07 14:24:17,203 - INFO - Resultado de la validación de incidentes: {'message': 'Incidente validado por mayoría', 'resultado': 'Incidente Incidente 13', 'status': 'success'}
2024-09-07 14:24:17,203 - INFO - Experimento exitoso en la iteración 13.
2024-09-07 14:24:27,208 - INFO - Iniciando iteración 14 del experimento.
2024-09-07 14:24:27,221 - INFO - Estado de los servicios: {'servicios': [['http://localhost:5001/health', True], ['http://localhost:5002/health', True], ['http://localhost:5003/health', True], ['http://localhost:5004/health', True]], 'status': 'healthy'}
2024-09-07 14:24:27,226 - INFO - Incidente registrado correctamente en http://localhost:5001/registrar_incidente
2024-09-07 14:24:27,230 - INFO - Incidente registrado correctamente en http://localhost:5002/registrar_incidente
2024-09-07 14:24:27,235 - INFO - Incidente registrado correctamente en http://localhost:5003/registrar_incidente
2024-09-07 14:24:27,239 - INFO - Resultado de la validación de incidentes: {'message': 'Incidente validado por mayoría', 'resultado': 'Incidente Incidente 14', 'status': 'success'}
2024-09-07 14:24:27,239 - INFO - Experimento exitoso en la iteración 14.
2024-09-07 14:24:37,244 - INFO - Iniciando iteración 15 del experimento.
2024-09-07 14:24:37,260 - INFO - Estado de los servicios: {'servicios': [['http://localhost:5001/health', True], ['http://localhost:5002/health', True], ['http://localhost:5003/health', True], ['http://localhost:5004/health', True]], 'status': 'healthy'}
2024-09-07 14:24:37,265 - INFO - Incidente registrado correctamente en http://localhost:5001/registrar_incidente
2024-09-07 14:24:37,269 - INFO - Incidente registrado correctamente en http://localhost:5002/registrar_incidente
2024-09-07 14:24:37,274 - INFO - Incidente registrado correctamente en http://localhost:5003/registrar_incidente
2024-09-07 14:24:37,277 - INFO - Resultado de la validación de incidentes: {'message': 'Incidente validado por mayoría', 'resultado': 'Incidente Incidente 15', 'status': 'success'}
2024-09-07 14:24:37,277 - INFO - Experimento exitoso en la iteración 15.
2024-09-07 14:38:27,278 - INFO - Iniciando iteración 16 del experimento.
2024-09-07 14:38:27,305 - INFO - Estado de los servicios: {'servicios': [['http://localhost:5001/health', True], ['http://localhost:5002/health', True], ['http://localhost:5003/health', True], ['http://localhost:5004/health', True]], 'status': 'healthy'}
2024-09-07 14:38:27,311 - INFO - Incidente registrado correctamente en http://localhost:5001/registrar_incidente
2024-09-07 14:38:27,317 - INFO - Incidente registrado correctamente en http://localhost:5002/registrar_incidente
2024-09-07 14:38:27,322 - INFO - Incidente registrado correctamente en http://localhost:5003/registrar_incidente
2024-09-07 14:38:27,326 - INFO - Resultado de la validación de incidentes: {'message': 'Incidente validado por mayoría', 'resultado': 'Incidente Incidente 16', 'status': 'success'}
2024-09-07 14:38:27,327 - INFO - Experimento exitoso en la iteración 16.
2024-09-07 14:38:37,324 - INFO - Iniciando iteración 17 del experimento.
2024-09-07 14:38:37,335 - INFO - Estado de los servicios: {'servicios': [['http://localhost:5001/health', True], ['http://localhost:5002/health', True], ['http://localhost:5003/health', True], ['http://localhost:5004/health', True]], 'status': 'healthy'}
2024-09-07 14:38:37,341 - INFO - Incidente registrado correctamente en http://localhost:5001/registrar_incidente
2024-09-07 14:38:37,346 - INFO - Incidente registrado correctamente en http://localhost:5002/registrar_incidente
2024-09-07 14:38:37,351 - INFO - Incidente registrado correctamente en http://localhost:5003/registrar_incidente
2024-09-07 14:38:37,356 - INFO - Resultado de la validación de incidentes: {'message': 'Incidente validado por mayoría', 'resultado': 'Incidente Incidente 17', 'status': 'success'}
2024-09-07 14:38:37,356 - INFO - Experimento exitoso en la iteración 17.
2024-09-07 14:38:47,355 - INFO - Iniciando iteración 18 del experimento.
2024-09-07 14:38:47,368 - INFO - Estado de los servicios: {'servicios': [['http://localhost:5001/health', True], ['http://localhost:5002/health', True], ['http://localhost:5003/health', True], ['http://localhost:5004/health', True]], 'status': 'healthy'}
2024-09-07 14:38:47,373 - INFO - Incidente registrado correctamente en http://localhost:5001/registrar_incidente
2024-09-07 14:38:47,378 - INFO - Incidente registrado correctamente en http://localhost:5002/registrar_incidente
2024-09-07 14:38:47,382 - INFO - Incidente registrado correctamente en http://localhost:5003/registrar_incidente
2024-09-07 14:38:47,386 - INFO - Resultado de la validación de incidentes: {'message': 'Incidente validado por mayoría', 'resultado': 'Incidente Incidente 18', 'status': 'success'}
2024-09-07 14:38:47,387 - INFO - Experimento exitoso en la iteración 18.
2024-09-07 14:38:57,390 - INFO - Resumen del experimento: 16/18 intentos exitosos, 2 fallos.
2024-09-07 14:38:57,392 - INFO - Resultados guardados en resultados_experimento.json
